Removed Pin From Net: NetName=APPS_1_5V Pin=1-2
Removed Pin From Net: NetName=Coolant_1_5V_H Pin=1-3
Removed Pin From Net: NetName=PDM_RX Pin=1-4
Removed Pin From Net: NetName=PDM_TX Pin=1-5
Removed Pin From Net: NetName=VCC_5V Pin=1-6
Removed Pin From Net: NetName=GND Pin=1-7
Removed Pin From Net: NetName=MTR_PUMP_14.8V_H Pin=1-8
Removed Pin From Net: NetName=VCC_12 Pin=1-10
Removed Pin From Net: NetName=FAN_R_12V_H Pin=1-12
Removed Pin From Net: NetName=AIM_12V Pin=1-14
Removed Pin From Net: NetName=INV_PUMP_14.8V_H Pin=1-17
Removed Pin From Net: NetName=Fused_14.8V_H Pin=1-18
Removed Pin From Net: NetName=FAN_L_12V_H Pin=1-20
Removed Pin From Net: NetName=ACM_14.8V_H Pin=1-22
Removed Pin From Net: NetName=Brake_Light_12V Pin=1-23
Removed Pin From Net: NetName=Discharge_Circuit Pin=1-26
Removed Pin From Net: NetName=INV_12V Pin=1-28
Removed Pin From Net: NetName=SDC_14.8V_PDM Pin=1-30
Added Component: Designator=P3(PCBComponent_1)
Added Pin To Net: NetName=APPS_1_5V Pin=P3-2
Added Pin To Net: NetName=APPS_1_5V Pin=P3-2
Added Pin To Net: NetName=Coolant_1_5V_H Pin=P3-3
Added Pin To Net: NetName=Coolant_1_5V_H Pin=P3-3
Added Pin To Net: NetName=PDM_RX Pin=P3-4
Added Pin To Net: NetName=PDM_RX Pin=P3-4
Added Pin To Net: NetName=PDM_TX Pin=P3-5
Added Pin To Net: NetName=PDM_TX Pin=P3-5
Added Pin To Net: NetName=VCC_5V Pin=P3-6
Added Pin To Net: NetName=VCC_5V Pin=P3-6
Added Pin To Net: NetName=GND Pin=P3-7
Added Pin To Net: NetName=GND Pin=P3-7
Added Pin To Net: NetName=MTR_PUMP_14.8V_H Pin=P3-8
Added Pin To Net: NetName=MTR_PUMP_14.8V_H Pin=P3-8
Added Pin To Net: NetName=VCC_12 Pin=P3-10
Added Pin To Net: NetName=VCC_12 Pin=P3-10
Added Pin To Net: NetName=FAN_R_12V_H Pin=P3-12
Added Pin To Net: NetName=FAN_R_12V_H Pin=P3-12
Added Pin To Net: NetName=AIM_12V Pin=P3-14
Added Pin To Net: NetName=AIM_12V Pin=P3-14
