Removed Pin From Net: NetName=GND Pin=1-2
Removed Pin From Net: NetName=VCC_5V Pin=1-3
Removed Pin From Net: NetName=PDM_TX Pin=1-4
Removed Pin From Net: NetName=PDM_RX Pin=1-5
Removed Pin From Net: NetName=Coolant_1_5V_H Pin=1-6
Removed Pin From Net: NetName=APPS_1_5V Pin=1-7
Removed Pin From Net: NetName=AIM_12V Pin=1-8
Removed Pin From Net: NetName=FAN_R_12V_H Pin=1-10
Removed Pin From Net: NetName=VCC_12 Pin=1-12
Removed Pin From Net: NetName=MTR_PUMP_14.8V_H Pin=1-14
Added Pin To Net: NetName=APPS_1_5V Pin=1-2
Added Pin To Net: NetName=Coolant_1_5V_H Pin=1-3
Added Pin To Net: NetName=PDM_RX Pin=1-4
Added Pin To Net: NetName=PDM_TX Pin=1-5
Added Pin To Net: NetName=VCC_5V Pin=1-6
Added Pin To Net: NetName=GND Pin=1-7
Added Pin To Net: NetName=MTR_PUMP_14.8V_H Pin=1-8
Added Pin To Net: NetName=VCC_12 Pin=1-10
Added Pin To Net: NetName=FAN_R_12V_H Pin=1-12
Added Pin To Net: NetName=AIM_12V Pin=1-14
