Change Component Designator: OldDesignator=C? NewDesignator=C8
Change Component Designator: OldDesignator=C? NewDesignator=C9
Change Component Designator: OldDesignator=C? NewDesignator=C10
Change Component Designator: OldDesignator=C? NewDesignator=C11
Change Component Designator: OldDesignator=C? NewDesignator=C12
Change Component Designator: OldDesignator=C? NewDesignator=C13
Change Component Designator: OldDesignator=C? NewDesignator=C14
Change Component Designator: OldDesignator=C? NewDesignator=C15
Change Component Designator: OldDesignator=C? NewDesignator=C16
Change Component Designator: OldDesignator=C? NewDesignator=C17
Change Component Designator: OldDesignator=C? NewDesignator=C18
Change Component Designator: OldDesignator=C? NewDesignator=C19
Change Component Designator: OldDesignator=R26 NewDesignator=R27
Change Component Designator: OldDesignator=R27 NewDesignator=R28
Change Component Designator: OldDesignator=R28 NewDesignator=R29
Change Component Designator: OldDesignator=R29 NewDesignator=R30
Change Component Designator: OldDesignator=R30 NewDesignator=R31
Change Component Designator: OldDesignator=R31 NewDesignator=R32
Change Component Designator: OldDesignator=R32 NewDesignator=R33
Change Component Designator: OldDesignator=R33 NewDesignator=R34
Change Component Designator: OldDesignator=R34 NewDesignator=R35
Change Component Designator: OldDesignator=R35 NewDesignator=R36
Change Component Designator: OldDesignator=R36 NewDesignator=R37
Change Component Designator: OldDesignator=R37 NewDesignator=R38
Change Component Designator: OldDesignator=R38 NewDesignator=R39
Change Component Designator: OldDesignator=R39 NewDesignator=R40
Change Component Designator: OldDesignator=R40 NewDesignator=R41
Change Component Designator: OldDesignator=R41 NewDesignator=R42
Change Component Designator: OldDesignator=R42 NewDesignator=R43
Change Component Designator: OldDesignator=R43 NewDesignator=R44
Change Component Designator: OldDesignator=R52 NewDesignator=R53
Change Component Designator: OldDesignator=R53 NewDesignator=R54
Change Component Designator: OldDesignator=R54 NewDesignator=R55
Change Component Designator: OldDesignator=R55 NewDesignator=R56
Change Component Designator: OldDesignator=R56 NewDesignator=R57
Change Component Designator: OldDesignator=R57 NewDesignator=R58
Change Component Designator: OldDesignator=R58 NewDesignator=R59
Change Component Designator: OldDesignator=R59 NewDesignator=R60
Change Component Designator: OldDesignator=R60 NewDesignator=R61
Change Component Designator: OldDesignator=R? NewDesignator=R26
Change Component Designator: OldDesignator=R? NewDesignator=R45
Change Component Designator: OldDesignator=R? NewDesignator=R46
Change Component Designator: OldDesignator=R? NewDesignator=R47
Change Component Designator: OldDesignator=R? NewDesignator=R48
Change Component Designator: OldDesignator=R? NewDesignator=R49
Change Component Designator: OldDesignator=R? NewDesignator=R50
Change Component Designator: OldDesignator=R? NewDesignator=R51
Change Component Designator: OldDesignator=R? NewDesignator=R52
Added Pin To Net: NetName=NetC8_1 Pin=C8-1
Added Net: Name=NetC8_1
Added Pin To Net: NetName=NetC9_1 Pin=C9-1
Added Net: Name=NetC9_1
Added Pin To Net: NetName=NetC10_1 Pin=C10-1
Added Pin To Net: NetName=NetC10_1 Pin=R45-2
Added Net: Name=NetC10_1
Added Pin To Net: NetName=NetC11_1 Pin=C11-1
Added Pin To Net: NetName=NetC11_1 Pin=R46-2
Added Net: Name=NetC11_1
Added Pin To Net: NetName=NetC14_1 Pin=C14-1
Added Net: Name=NetC14_1
Added Pin To Net: NetName=NetC15_1 Pin=C15-1
Added Net: Name=NetC15_1
Added Pin To Net: NetName=NetC16_1 Pin=C16-1
Added Pin To Net: NetName=NetC16_1 Pin=R49-2
Added Net: Name=NetC16_1
Added Pin To Net: NetName=NetC17_1 Pin=C17-1
Added Pin To Net: NetName=NetC17_1 Pin=R50-2
Added Net: Name=NetC17_1
