Removed Pin From Net: NetName=GND Pin=1-1
Removed Pin From Net: NetName=APPS_1_5V Pin=1-2
Removed Pin From Net: NetName=Coolant_1_5V_H Pin=1-3
Removed Pin From Net: NetName=PDM_RX Pin=1-4
Removed Pin From Net: NetName=PDM_TX Pin=1-5
Removed Pin From Net: NetName=VCC_5V Pin=1-6
Removed Pin From Net: NetName=GND Pin=1-7
Removed Pin From Net: NetName=MTR_PUMP_14.8V_H Pin=1-8
Removed Pin From Net: NetName=GND Pin=1-9
Removed Pin From Net: NetName=VCC_12 Pin=1-10
Removed Pin From Net: NetName=GND Pin=1-11
Removed Pin From Net: NetName=FAN_R_12V_H Pin=1-12
Removed Pin From Net: NetName=GND Pin=1-13
Removed Pin From Net: NetName=AIM_12V Pin=1-14
Removed Pin From Net: NetName=INV_PUMP_14.8V_H Pin=1-17
Removed Pin From Net: NetName=Fused_14.8V_H Pin=1-18
Removed Pin From Net: NetName=GND Pin=1-19
Removed Pin From Net: NetName=FAN_L_12V_H Pin=1-20
Removed Pin From Net: NetName=GND Pin=1-21
Removed Pin From Net: NetName=ACM_14.8V_H Pin=1-22
Removed Pin From Net: NetName=Brake_Light_12V Pin=1-23
Removed Pin From Net: NetName=GND Pin=1-24
Removed Pin From Net: NetName=GND Pin=1-25
Removed Pin From Net: NetName=Discharge_Circuit Pin=1-26
Removed Pin From Net: NetName=GND Pin=1-27
Removed Pin From Net: NetName=INV_12V Pin=1-28
Removed Pin From Net: NetName=GND Pin=1-29
Removed Pin From Net: NetName=SDC_14.8V_PDM Pin=1-30
Removed Pin From Net: NetName=BMS_Analog_1 Pin=P1-B2
Removed Pin From Net: NetName=BMS_Analog_2 Pin=P1-B3
Removed Pin From Net: NetName=BMS_Analog_3 Pin=P1-B4
Removed Pin From Net: NetName=BMS_Analog_4 Pin=P1-B5
Removed Pin From Net: NetName=BMS_Analog_5 Pin=P2-B2
Removed Pin From Net: NetName=BMS_Analog_6 Pin=P2-B3
Removed Pin From Net: NetName=BMS_Analog_7 Pin=P2-B4
Removed Pin From Net: NetName=BMS_Analog_8 Pin=P2-B5
Removed Pin From Net: NetName=Inv_Relay_Driver Pin=R42-1
Removed Pin From Net: NetName=Inv_Relay_Driver Pin=X2-16
Change Component Footprint: Designator=IC2 Old Footprint=SOP65P490X110-8N New Footprint=SOIC127P599X173-8N
Change Component Comment : Designator=R48 Old Comment=1.5K  1% New Comment=1.6K  1%
Added Pin To Net: NetName=INV_12V_H Pin=R42-1
Change Net Name : Old Net Name=Inv_Relay_Driver New Net Name=NetD3_2
Added Pin To Net: NetName=Inv_Relay_Driver Pin=X2-16
Added Net: Name=Inv_Relay_Driver
