Removed Pin From Net: NetName=Brake_Light_12V Pin=J1-1
Removed Pin From Net: NetName=ACM_14.8V_H Pin=J1-2
Removed Pin From Net: NetName=FAN_L_12V_H Pin=J1-4
Removed Pin From Net: NetName=Fused_14.8V_H Pin=J1-6
Removed Pin From Net: NetName=INV_PUMP_14.8V_H Pin=J1-7
Removed Pin From Net: NetName=SDC_14.8V_PDM Pin=J1-8
Removed Pin From Net: NetName=INV_12V Pin=J1-10
Removed Pin From Net: NetName=Discharge_Circuit Pin=J1-12
Removed Pin From Net: NetName=GND Pin=J2-1
Removed Pin From Net: NetName=VCC_5V Pin=J2-2
Removed Pin From Net: NetName=PDM_TX Pin=J2-3
Removed Pin From Net: NetName=PDM_RX Pin=J2-4
Removed Pin From Net: NetName=Coolant_1_5V_H Pin=J2-5
Removed Pin From Net: NetName=APPS_1_5V Pin=J2-6
Removed Pin From Net: NetName=AIM_12V Pin=J2-8
Removed Pin From Net: NetName=FAN_R_12V_H Pin=J2-10
Removed Pin From Net: NetName=VCC_12 Pin=J2-12
Removed Pin From Net: NetName=MTR_PUMP_14.8V_H Pin=J2-14
Removed Pin From Net: NetName=Speed_RL_Digital Pin=X3-19
Removed Pin From Net: NetName=GND Pin=X3-24
Added Component: Designator=1(PCBComponent_1)
Added Pin To Net: NetName=APPS_1_5V Pin=1-2
Added Pin To Net: NetName=Coolant_1_5V_H Pin=1-3
Added Pin To Net: NetName=PDM_RX Pin=1-4
Added Pin To Net: NetName=PDM_TX Pin=1-5
Added Pin To Net: NetName=VCC_5V Pin=1-6
Added Pin To Net: NetName=GND Pin=1-7
Added Pin To Net: NetName=MTR_PUMP_14.8V_H Pin=1-8
Added Pin To Net: NetName=VCC_12 Pin=1-10
Added Pin To Net: NetName=FAN_R_12V_H Pin=1-12
Added Pin To Net: NetName=AIM_12V Pin=1-14
Added Pin To Net: NetName=INV_PUMP_14.8V_H Pin=1-17
Added Pin To Net: NetName=Fused_14.8V_H Pin=1-18
Added Pin To Net: NetName=FAN_L_12V_H Pin=1-20
Added Pin To Net: NetName=ACM_14.8V_H Pin=1-22
Added Pin To Net: NetName=Brake_Light_12V Pin=1-23
Added Pin To Net: NetName=Discharge_Circuit Pin=1-26
Added Pin To Net: NetName=INV_12V Pin=1-28
Added Pin To Net: NetName=SDC_14.8V_PDM Pin=1-30
Added Pin To Net: NetName=GND Pin=X3-19
Added Pin To Net: NetName=Speed_RL_Digital Pin=X3-24
