Added Component: Designator=U3(PCBComponent_1)
Added Component: Designator=U4(PCBComponent_1)
Added Pin To Net: NetName=GND Pin=U3-1
Added Pin To Net: NetName=GND Pin=U3-2
Added Pin To Net: NetName=BATT_14.8V Pin=U3-3
Added Pin To Net: NetName=BATT_14.8V Pin=U3-4
Added Pin To Net: NetName=GND Pin=U3-5
Added Pin To Net: NetName=GND Pin=U3-6
Added Pin To Net: NetName=Reg_8V Pin=U3-7
Added Pin To Net: NetName=Reg_8V Pin=U3-8
Added Pin To Net: NetName=GND Pin=U4-1
Added Pin To Net: NetName=GND Pin=U4-2
Added Pin To Net: NetName=BATT_14.8V Pin=U4-3
Added Pin To Net: NetName=BATT_14.8V Pin=U4-4
Added Pin To Net: NetName=GND Pin=U4-5
Added Pin To Net: NetName=GND Pin=U4-6
Added Pin To Net: NetName=Reg_5V Pin=U4-7
Added Pin To Net: NetName=Reg_5V Pin=U4-8
Added Member To Class: ClassName=Power_Distribution Member=Component U3 Switching_Reg_2
Added Member To Class: ClassName=Power_Distribution Member=Component U4 Switching_Reg_2
